nohup: ignoring input
No new trading pairs or exchanges found.
Sleeping another 20 seconds : 2025-06-05 13:38:10.974907
No new trading pairs or exchanges found.
Sleeping another 20 seconds : 2025-06-05 13:38:32.572310
No new trading pairs or exchanges found.
Sleeping another 20 seconds : 2025-06-05 13:38:54.492208
No new trading pairs or exchanges found.
Sleeping another 20 seconds : 2025-06-05 13:39:16.582411
No new trading pairs or exchanges found.
Sleeping another 20 seconds : 2025-06-05 13:39:38.421594
No new trading pairs or exchanges found.
Sleeping another 20 seconds : 2025-06-05 13:40:00.644039
No new trading pairs or exchanges found.
Sleeping another 20 seconds : 2025-06-05 13:40:22.127659
No new trading pairs or exchanges found.
Sleeping another 20 seconds : 2025-06-05 13:40:43.908877
No new trading pairs or exchanges found.
Sleeping another 20 seconds : 2025-06-05 13:41:05.562033
No new trading pairs or exchanges found.
Sleeping another 20 seconds : 2025-06-05 13:41:27.481640
No new trading pairs or exchanges found.
Sleeping another 20 seconds : 2025-06-05 13:41:49.508411
No new trading pairs or exchanges found.
Sleeping another 20 seconds : 2025-06-05 13:42:11.251318
No new trading pairs or exchanges found.
Sleeping another 20 seconds : 2025-06-05 13:42:33.017160
No new trading pairs or exchanges found.
Sleeping another 20 seconds : 2025-06-05 13:42:54.952932
No new trading pairs or exchanges found.
Sleeping another 20 seconds : 2025-06-05 13:43:16.774113
No new trading pairs or exchanges found.
Sleeping another 20 seconds : 2025-06-05 13:43:39.133061
No new trading pairs or exchanges found.
Sleeping another 20 seconds : 2025-06-05 13:44:01.071110
No new trading pairs or exchanges found.
Sleeping another 20 seconds : 2025-06-05 13:44:22.770107
No new trading pairs or exchanges found.
Sleeping another 20 seconds : 2025-06-05 13:44:44.253131
No new trading pairs or exchanges found.
Sleeping another 20 seconds : 2025-06-05 13:45:06.359520
No new trading pairs or exchanges found.
Sleeping another 20 seconds : 2025-06-05 13:45:27.926374
No new trading pairs or exchanges found.
Sleeping another 20 seconds : 2025-06-05 13:45:49.551604
No new trading pairs or exchanges found.
Sleeping another 20 seconds : 2025-06-05 13:46:11.695619
No new trading pairs or exchanges found.
Sleeping another 20 seconds : 2025-06-05 13:46:33.566114
No new trading pairs or exchanges found.
Sleeping another 20 seconds : 2025-06-05 13:46:55.055876
No new trading pairs or exchanges found.
Sleeping another 20 seconds : 2025-06-05 13:47:17.098535
No new trading pairs or exchanges found.
Sleeping another 20 seconds : 2025-06-05 13:47:38.694824
No new trading pairs or exchanges found.
Sleeping another 20 seconds : 2025-06-05 13:48:00.422627
No new trading pairs or exchanges found.
Sleeping another 20 seconds : 2025-06-05 13:48:22.603254
No new trading pairs or exchanges found.
Sleeping another 20 seconds : 2025-06-05 13:48:44.125381
No new trading pairs or exchanges found.
Sleeping another 20 seconds : 2025-06-05 13:49:05.923055
No new trading pairs or exchanges found.
Sleeping another 20 seconds : 2025-06-05 13:49:27.687262
No new trading pairs or exchanges found.
Sleeping another 20 seconds : 2025-06-05 13:49:49.324553
No new trading pairs or exchanges found.
Sleeping another 20 seconds : 2025-06-05 13:50:11.866583
No new trading pairs or exchanges found.
Sleeping another 20 seconds : 2025-06-05 13:50:33.586533
Error fetching data from bybit: Response ended prematurely
No new trading pairs or exchanges found.
Sleeping another 20 seconds : 2025-06-05 13:51:33.558273
No new trading pairs or exchanges found.
Sleeping another 20 seconds : 2025-06-05 13:51:55.623831
No new trading pairs or exchanges found.
Sleeping another 20 seconds : 2025-06-05 13:52:17.622183
No new trading pairs or exchanges found.
Sleeping another 20 seconds : 2025-06-05 13:52:39.094285
No new trading pairs or exchanges found.
Sleeping another 20 seconds : 2025-06-05 13:53:01.208112
No new trading pairs or exchanges found.
Sleeping another 20 seconds : 2025-06-05 13:53:23.126051
No new trading pairs or exchanges found.
Sleeping another 20 seconds : 2025-06-05 13:53:44.656351
No new trading pairs or exchanges found.
Sleeping another 20 seconds : 2025-06-05 13:54:06.619618
No new trading pairs or exchanges found.
Sleeping another 20 seconds : 2025-06-05 13:54:28.540558
No new trading pairs or exchanges found.
Sleeping another 20 seconds : 2025-06-05 13:54:50.216901
No new trading pairs or exchanges found.
Sleeping another 20 seconds : 2025-06-05 13:55:12.356378
No new trading pairs or exchanges found.
Sleeping another 20 seconds : 2025-06-05 13:55:33.934493
Error fetching data from bybit: Response ended prematurely
No new trading pairs or exchanges found.
Sleeping another 20 seconds : 2025-06-05 13:56:34.417930
No new trading pairs or exchanges found.
Sleeping another 20 seconds : 2025-06-05 13:56:56.618728
No new trading pairs or exchanges found.
Sleeping another 20 seconds : 2025-06-05 13:57:18.242174
No new trading pairs or exchanges found.
Sleeping another 20 seconds : 2025-06-05 13:57:39.810865
No new trading pairs or exchanges found.
Sleeping another 20 seconds : 2025-06-05 13:58:01.948237
No new trading pairs or exchanges found.
Sleeping another 20 seconds : 2025-06-05 13:58:23.472498
No new trading pairs or exchanges found.
Sleeping another 20 seconds : 2025-06-05 13:58:45.075505
No new trading pairs or exchanges found.
Sleeping another 20 seconds : 2025-06-05 13:59:06.964479
No new trading pairs or exchanges found.
Sleeping another 20 seconds : 2025-06-05 13:59:28.410842
No new trading pairs or exchanges found.
Sleeping another 20 seconds : 2025-06-05 13:59:49.984056
No new trading pairs or exchanges found.
Sleeping another 20 seconds : 2025-06-05 14:00:11.700227
No new trading pairs or exchanges found.
Sleeping another 20 seconds : 2025-06-05 14:00:33.165957
No new trading pairs or exchanges found.
Sleeping another 20 seconds : 2025-06-05 14:00:55.042421
No new trading pairs or exchanges found.
Sleeping another 20 seconds : 2025-06-05 14:01:17.293052
No new trading pairs or exchanges found.
Sleeping another 20 seconds : 2025-06-05 14:01:38.873033
No new trading pairs or exchanges found.
Sleeping another 20 seconds : 2025-06-05 14:02:01.075044
No new trading pairs or exchanges found.
Sleeping another 20 seconds : 2025-06-05 14:02:22.645749
No new trading pairs or exchanges found.
Sleeping another 20 seconds : 2025-06-05 14:02:44.107632
Error fetching data from bybit: Response ended prematurely
No new trading pairs or exchanges found.
Sleeping another 20 seconds : 2025-06-05 14:04:04.205144
No new trading pairs or exchanges found.
Sleeping another 20 seconds : 2025-06-05 14:04:26.550752
No new trading pairs or exchanges found.
Sleeping another 20 seconds : 2025-06-05 14:04:48.361876
No new trading pairs or exchanges found.
Sleeping another 20 seconds : 2025-06-05 14:05:09.975455
No new trading pairs or exchanges found.
Sleeping another 20 seconds : 2025-06-05 14:06:02.640652
No new trading pairs or exchanges found.
Sleeping another 20 seconds : 2025-06-05 14:06:24.172946
No new trading pairs or exchanges found.
Sleeping another 20 seconds : 2025-06-05 14:06:46.576606
No new trading pairs or exchanges found.
Sleeping another 20 seconds : 2025-06-05 14:07:08.489143
No new trading pairs or exchanges found.
Sleeping another 20 seconds : 2025-06-05 14:07:30.084716
No new trading pairs or exchanges found.
Sleeping another 20 seconds : 2025-06-05 14:07:52.131696
No new trading pairs or exchanges found.
Sleeping another 20 seconds : 2025-06-05 14:08:13.723325
No new trading pairs or exchanges found.
Sleeping another 20 seconds : 2025-06-05 14:08:35.259445
No new trading pairs or exchanges found.
Sleeping another 20 seconds : 2025-06-05 14:08:57.047057
Error fetching data from bybit: Response ended prematurely
No new trading pairs or exchanges found.
Sleeping another 20 seconds : 2025-06-05 14:10:37.005495
No new trading pairs or exchanges found.
Sleeping another 20 seconds : 2025-06-05 14:10:58.581175
No new trading pairs or exchanges found.
Sleeping another 20 seconds : 2025-06-05 14:11:20.530862
No new trading pairs or exchanges found.
Sleeping another 20 seconds : 2025-06-05 14:11:42.057928
No new trading pairs or exchanges found.
Sleeping another 20 seconds : 2025-06-05 14:12:03.716540
No new trading pairs or exchanges found.
Sleeping another 20 seconds : 2025-06-05 14:12:25.195344
No new trading pairs or exchanges found.
Sleeping another 20 seconds : 2025-06-05 14:12:46.808116
No new trading pairs or exchanges found.
Sleeping another 20 seconds : 2025-06-05 14:13:08.452333
No new trading pairs or exchanges found.
Sleeping another 20 seconds : 2025-06-05 14:13:30.291827
No new trading pairs or exchanges found.
Sleeping another 20 seconds : 2025-06-05 14:13:51.741850
No new trading pairs or exchanges found.
Sleeping another 20 seconds : 2025-06-05 14:14:13.446277
No new trading pairs or exchanges found.
Sleeping another 20 seconds : 2025-06-05 14:14:34.919848
No new trading pairs or exchanges found.
Sleeping another 20 seconds : 2025-06-05 14:14:56.608190
No new trading pairs or exchanges found.
Sleeping another 20 seconds : 2025-06-05 14:15:18.285907
No new trading pairs or exchanges found.
Sleeping another 20 seconds : 2025-06-05 14:15:40.397826
No new trading pairs or exchanges found.
Sleeping another 20 seconds : 2025-06-05 14:16:02.039511
No new trading pairs or exchanges found.
Sleeping another 20 seconds : 2025-06-05 14:16:23.537961
No new trading pairs or exchanges found.
Sleeping another 20 seconds : 2025-06-05 14:16:45.399504
No new trading pairs or exchanges found.
Sleeping another 20 seconds : 2025-06-05 14:17:07.099998
No new trading pairs or exchanges found.
Sleeping another 20 seconds : 2025-06-05 14:17:28.641328
No new trading pairs or exchanges found.
Sleeping another 20 seconds : 2025-06-05 14:17:50.481481
No new trading pairs or exchanges found.
Sleeping another 20 seconds : 2025-06-05 14:18:12.071437
No new trading pairs or exchanges found.
Sleeping another 20 seconds : 2025-06-05 14:18:33.721150
No new trading pairs or exchanges found.
Sleeping another 20 seconds : 2025-06-05 14:18:55.846617
Error fetching data from bybit: Response ended prematurely
No new trading pairs or exchanges found.
Sleeping another 20 seconds : 2025-06-05 14:19:49.940750
No new trading pairs or exchanges found.
Sleeping another 20 seconds : 2025-06-05 14:20:11.766499
No new trading pairs or exchanges found.
Sleeping another 20 seconds : 2025-06-05 14:20:33.229134
No new trading pairs or exchanges found.
Sleeping another 20 seconds : 2025-06-05 14:20:55.183510
No new trading pairs or exchanges found.
Sleeping another 20 seconds : 2025-06-05 14:21:16.886024
No new trading pairs or exchanges found.
Sleeping another 20 seconds : 2025-06-05 14:21:38.334326
No new trading pairs or exchanges found.
Sleeping another 20 seconds : 2025-06-05 14:22:00.295661
No new trading pairs or exchanges found.
Sleeping another 20 seconds : 2025-06-05 14:22:22.197591
No new trading pairs or exchanges found.
Sleeping another 20 seconds : 2025-06-05 14:22:43.704366
No new trading pairs or exchanges found.
Sleeping another 20 seconds : 2025-06-05 14:23:05.571372
No new trading pairs or exchanges found.
Sleeping another 20 seconds : 2025-06-05 14:23:27.118462
No new trading pairs or exchanges found.
Sleeping another 20 seconds : 2025-06-05 14:23:48.917434
No new trading pairs or exchanges found.
Sleeping another 20 seconds : 2025-06-05 14:24:10.523427
No new trading pairs or exchanges found.
Sleeping another 20 seconds : 2025-06-05 14:24:32.398481
No new trading pairs or exchanges found.
Sleeping another 20 seconds : 2025-06-05 14:24:53.897153
No new trading pairs or exchanges found.
Sleeping another 20 seconds : 2025-06-05 14:25:15.462463
No new trading pairs or exchanges found.
Sleeping another 20 seconds : 2025-06-05 14:25:37.264334
No new trading pairs or exchanges found.
Sleeping another 20 seconds : 2025-06-05 14:25:58.712197
No new trading pairs or exchanges found.
Sleeping another 20 seconds : 2025-06-05 14:26:20.289053
No new trading pairs or exchanges found.
Sleeping another 20 seconds : 2025-06-05 14:26:42.227967
No new trading pairs or exchanges found.
Sleeping another 20 seconds : 2025-06-05 14:27:03.854336
Error fetching data from bybit: Response ended prematurely
No new trading pairs or exchanges found.
Sleeping another 20 seconds : 2025-06-05 14:27:57.857540
No new trading pairs or exchanges found.
Sleeping another 20 seconds : 2025-06-05 14:28:19.527439
No new trading pairs or exchanges found.
Sleeping another 20 seconds : 2025-06-05 14:28:41.132031
No new trading pairs or exchanges found.
Sleeping another 20 seconds : 2025-06-05 14:29:03.092251
No new trading pairs or exchanges found.
Sleeping another 20 seconds : 2025-06-05 14:29:24.866222
No new trading pairs or exchanges found.
Sleeping another 20 seconds : 2025-06-05 14:29:46.308181
No new trading pairs or exchanges found.
Sleeping another 20 seconds : 2025-06-05 14:30:07.967491
No new trading pairs or exchanges found.
Sleeping another 20 seconds : 2025-06-05 14:30:29.624688
No new trading pairs or exchanges found.
Sleeping another 20 seconds : 2025-06-05 14:30:51.092027
No new trading pairs or exchanges found.
Sleeping another 20 seconds : 2025-06-05 14:31:13.304133
No new trading pairs or exchanges found.
Sleeping another 20 seconds : 2025-06-05 14:31:34.897067
No new trading pairs or exchanges found.
Sleeping another 20 seconds : 2025-06-05 14:31:56.466788
No new trading pairs or exchanges found.
Sleeping another 20 seconds : 2025-06-05 14:32:18.108640
No new trading pairs or exchanges found.
Sleeping another 20 seconds : 2025-06-05 14:32:39.720729
No new trading pairs or exchanges found.
Sleeping another 20 seconds : 2025-06-05 14:33:01.690496
No new trading pairs or exchanges found.
Sleeping another 20 seconds : 2025-06-05 14:33:23.546374
No new trading pairs or exchanges found.
Sleeping another 20 seconds : 2025-06-05 14:33:45.378833
No new trading pairs or exchanges found.
Sleeping another 20 seconds : 2025-06-05 14:34:07.275946
No new trading pairs or exchanges found.
Sleeping another 20 seconds : 2025-06-05 14:34:29.106022
No new trading pairs or exchanges found.
Sleeping another 20 seconds : 2025-06-05 14:34:50.719405
No new trading pairs or exchanges found.
Sleeping another 20 seconds : 2025-06-05 14:35:12.320865
No new trading pairs or exchanges found.
Sleeping another 20 seconds : 2025-06-05 14:35:34.151415
No new trading pairs or exchanges found.
Sleeping another 20 seconds : 2025-06-05 14:35:56.501174
No new trading pairs or exchanges found.
Sleeping another 20 seconds : 2025-06-05 14:36:18.045995
No new trading pairs or exchanges found.
Sleeping another 20 seconds : 2025-06-05 14:36:39.588708
No new trading pairs or exchanges found.
Sleeping another 20 seconds : 2025-06-05 14:37:01.307112
No new trading pairs or exchanges found.
Sleeping another 20 seconds : 2025-06-05 14:37:23.218472
No new trading pairs or exchanges found.
Sleeping another 20 seconds : 2025-06-05 14:37:45.066683
No new trading pairs or exchanges found.
Sleeping another 20 seconds : 2025-06-05 14:38:06.795135
No new trading pairs or exchanges found.
Sleeping another 20 seconds : 2025-06-05 14:38:28.882875
No new trading pairs or exchanges found.
Sleeping another 20 seconds : 2025-06-05 14:38:50.355223
No new trading pairs or exchanges found.
Sleeping another 20 seconds : 2025-06-05 14:39:12.039426
No new trading pairs or exchanges found.
Sleeping another 20 seconds : 2025-06-05 14:39:34.143458
No new trading pairs or exchanges found.
Sleeping another 20 seconds : 2025-06-05 14:39:55.987146
No new trading pairs or exchanges found.
Sleeping another 20 seconds : 2025-06-05 14:40:17.996089
No new trading pairs or exchanges found.
Sleeping another 20 seconds : 2025-06-05 14:40:40.070693
No new trading pairs or exchanges found.
Sleeping another 20 seconds : 2025-06-05 14:41:01.638658
No new trading pairs or exchanges found.
Sleeping another 20 seconds : 2025-06-05 14:41:23.241389
No new trading pairs or exchanges found.
Sleeping another 20 seconds : 2025-06-05 14:41:45.011005
No new trading pairs or exchanges found.
Sleeping another 20 seconds : 2025-06-05 14:42:06.599204
No new trading pairs or exchanges found.
Sleeping another 20 seconds : 2025-06-05 14:42:28.376527
No new trading pairs or exchanges found.
Sleeping another 20 seconds : 2025-06-05 14:42:50.661138
No new trading pairs or exchanges found.
Sleeping another 20 seconds : 2025-06-05 14:43:12.269368
No new trading pairs or exchanges found.
Sleeping another 20 seconds : 2025-06-05 14:43:33.927372
No new trading pairs or exchanges found.
Sleeping another 20 seconds : 2025-06-05 14:43:55.608522
No new trading pairs or exchanges found.
Sleeping another 20 seconds : 2025-06-05 14:44:17.289428
No new trading pairs or exchanges found.
Sleeping another 20 seconds : 2025-06-05 14:44:38.947082
No new trading pairs or exchanges found.
Sleeping another 20 seconds : 2025-06-05 14:45:01.117699
No new trading pairs or exchanges found.
Sleeping another 20 seconds : 2025-06-05 14:45:22.717705
No new trading pairs or exchanges found.
Sleeping another 20 seconds : 2025-06-05 14:45:44.595515
No new trading pairs or exchanges found.
Sleeping another 20 seconds : 2025-06-05 14:46:06.294791
No new trading pairs or exchanges found.
Sleeping another 20 seconds : 2025-06-05 14:46:27.819334
No new trading pairs or exchanges found.
Sleeping another 20 seconds : 2025-06-05 14:46:49.735740
No new trading pairs or exchanges found.
Sleeping another 20 seconds : 2025-06-05 14:47:11.709565
No new trading pairs or exchanges found.
Sleeping another 20 seconds : 2025-06-05 14:47:33.210086
No new trading pairs or exchanges found.
Sleeping another 20 seconds : 2025-06-05 14:47:54.885089
No new trading pairs or exchanges found.
Sleeping another 20 seconds : 2025-06-05 14:48:16.651918
No new trading pairs or exchanges found.
Sleeping another 20 seconds : 2025-06-05 14:48:38.440295
No new trading pairs or exchanges found.
Sleeping another 20 seconds : 2025-06-05 14:49:00.054702
No new trading pairs or exchanges found.
Sleeping another 20 seconds : 2025-06-05 14:49:22.070438
No new trading pairs or exchanges found.
Sleeping another 20 seconds : 2025-06-05 14:49:43.586726
No new trading pairs or exchanges found.
Sleeping another 20 seconds : 2025-06-05 14:50:05.527830
No new trading pairs or exchanges found.
Sleeping another 20 seconds : 2025-06-05 14:50:27.331179
No new trading pairs or exchanges found.
Sleeping another 20 seconds : 2025-06-05 14:50:48.815112
No new trading pairs or exchanges found.
Sleeping another 20 seconds : 2025-06-05 14:51:10.614802
No new trading pairs or exchanges found.
Sleeping another 20 seconds : 2025-06-05 14:51:32.849733
No new trading pairs or exchanges found.
Sleeping another 20 seconds : 2025-06-05 14:51:54.346237
No new trading pairs or exchanges found.
Sleeping another 20 seconds : 2025-06-05 14:52:16.203993
No new trading pairs or exchanges found.
Sleeping another 20 seconds : 2025-06-05 14:52:38.581971
No new trading pairs or exchanges found.
Sleeping another 20 seconds : 2025-06-05 14:53:00.071129
No new trading pairs or exchanges found.
Sleeping another 20 seconds : 2025-06-05 14:53:21.833570
No new trading pairs or exchanges found.
Sleeping another 20 seconds : 2025-06-05 14:53:43.506291
No new trading pairs or exchanges found.
Sleeping another 20 seconds : 2025-06-05 14:54:05.226782
No new trading pairs or exchanges found.
Sleeping another 20 seconds : 2025-06-05 14:54:27.299828
No new trading pairs or exchanges found.
Sleeping another 20 seconds : 2025-06-05 14:54:48.929325
No new trading pairs or exchanges found.
Sleeping another 20 seconds : 2025-06-05 14:55:10.515250
No new trading pairs or exchanges found.
Sleeping another 20 seconds : 2025-06-05 14:55:32.443047
No new trading pairs or exchanges found.
Sleeping another 20 seconds : 2025-06-05 14:55:54.223908
No new trading pairs or exchanges found.
Sleeping another 20 seconds : 2025-06-05 14:56:15.894451
No new trading pairs or exchanges found.
Sleeping another 20 seconds : 2025-06-05 14:56:38.169875
No new trading pairs or exchanges found.
Sleeping another 20 seconds : 2025-06-05 14:56:59.462009
No new trading pairs or exchanges found.
Sleeping another 20 seconds : 2025-06-05 14:57:21.070024
No new trading pairs or exchanges found.
Sleeping another 20 seconds : 2025-06-05 14:57:43.185298
No new trading pairs or exchanges found.
Sleeping another 20 seconds : 2025-06-05 14:58:05.104776
No new trading pairs or exchanges found.
Sleeping another 20 seconds : 2025-06-05 14:58:26.662990
No new trading pairs or exchanges found.
Sleeping another 20 seconds : 2025-06-05 14:58:48.702075
No new trading pairs or exchanges found.
Sleeping another 20 seconds : 2025-06-05 14:59:10.358591
No new trading pairs or exchanges found.
Sleeping another 20 seconds : 2025-06-05 14:59:31.910432
No new trading pairs or exchanges found.
Sleeping another 20 seconds : 2025-06-05 14:59:53.961279
No new trading pairs or exchanges found.
Sleeping another 20 seconds : 2025-06-05 15:00:16.215145
No new trading pairs or exchanges found.
Sleeping another 20 seconds : 2025-06-05 15:00:37.975246
No new trading pairs or exchanges found.
Sleeping another 20 seconds : 2025-06-05 15:00:59.564268
No new trading pairs or exchanges found.
Sleeping another 20 seconds : 2025-06-05 15:01:21.636614
No new trading pairs or exchanges found.
Sleeping another 20 seconds : 2025-06-05 15:01:43.267582
No new trading pairs or exchanges found.
Sleeping another 20 seconds : 2025-06-05 15:02:05.036586
No new trading pairs or exchanges found.
Sleeping another 20 seconds : 2025-06-05 15:02:26.959279
No new trading pairs or exchanges found.
Sleeping another 20 seconds : 2025-06-05 15:02:48.431531
No new trading pairs or exchanges found.
Sleeping another 20 seconds : 2025-06-05 15:03:10.199040
No new trading pairs or exchanges found.
Sleeping another 20 seconds : 2025-06-05 15:03:31.935496
Error fetching data from bybit: Response ended prematurely
No new trading pairs or exchanges found.
Sleeping another 20 seconds : 2025-06-05 15:04:32.760157
No new trading pairs or exchanges found.
Sleeping another 20 seconds : 2025-06-05 15:04:54.283280
No new trading pairs or exchanges found.
Sleeping another 20 seconds : 2025-06-05 15:05:15.864547
No new trading pairs or exchanges found.
Sleeping another 20 seconds : 2025-06-05 15:05:37.487920
No new trading pairs or exchanges found.
Sleeping another 20 seconds : 2025-06-05 15:05:59.676135
No new trading pairs or exchanges found.
Sleeping another 20 seconds : 2025-06-05 15:06:21.283775
No new trading pairs or exchanges found.
Sleeping another 20 seconds : 2025-06-05 15:06:42.824187
No new trading pairs or exchanges found.
Sleeping another 20 seconds : 2025-06-05 15:07:05.379028
No new trading pairs or exchanges found.
Sleeping another 20 seconds : 2025-06-05 15:07:26.889938
No new trading pairs or exchanges found.
Sleeping another 20 seconds : 2025-06-05 15:07:48.410005
No new trading pairs or exchanges found.
Sleeping another 20 seconds : 2025-06-05 15:08:10.592490
No new trading pairs or exchanges found.
Sleeping another 20 seconds : 2025-06-05 15:08:32.066061
No new trading pairs or exchanges found.
Sleeping another 20 seconds : 2025-06-05 15:08:53.594584
No new trading pairs or exchanges found.
Sleeping another 20 seconds : 2025-06-05 15:09:15.848235
No new trading pairs or exchanges found.
Sleeping another 20 seconds : 2025-06-05 15:09:37.375323
No new trading pairs or exchanges found.
Sleeping another 20 seconds : 2025-06-05 15:09:58.981808
No new trading pairs or exchanges found.
Sleeping another 20 seconds : 2025-06-05 15:10:21.204777
No new trading pairs or exchanges found.
Sleeping another 20 seconds : 2025-06-05 15:10:42.741798
No new trading pairs or exchanges found.
Sleeping another 20 seconds : 2025-06-05 15:11:04.671412
No new trading pairs or exchanges found.
Sleeping another 20 seconds : 2025-06-05 15:11:26.753372
No new trading pairs or exchanges found.
Sleeping another 20 seconds : 2025-06-05 15:11:48.268318
No new trading pairs or exchanges found.
Sleeping another 20 seconds : 2025-06-05 15:12:09.872482
No new trading pairs or exchanges found.
Sleeping another 20 seconds : 2025-06-05 15:12:31.779084
No new trading pairs or exchanges found.
Sleeping another 20 seconds : 2025-06-05 15:12:53.293142
No new trading pairs or exchanges found.
Sleeping another 20 seconds : 2025-06-05 15:13:14.868752
No new trading pairs or exchanges found.
Sleeping another 20 seconds : 2025-06-05 15:13:37.325931
No new trading pairs or exchanges found.
Sleeping another 20 seconds : 2025-06-05 15:13:58.805448
No new trading pairs or exchanges found.
Sleeping another 20 seconds : 2025-06-05 15:14:20.428177
No new trading pairs or exchanges found.
Sleeping another 20 seconds : 2025-06-05 15:14:43.213300
No new trading pairs or exchanges found.
Sleeping another 20 seconds : 2025-06-05 15:15:04.864416
No new trading pairs or exchanges found.
Sleeping another 20 seconds : 2025-06-05 15:15:26.340456
No new trading pairs or exchanges found.
Sleeping another 20 seconds : 2025-06-05 15:15:48.676220
No new trading pairs or exchanges found.
Sleeping another 20 seconds : 2025-06-05 15:16:10.656959
No new trading pairs or exchanges found.
Sleeping another 20 seconds : 2025-06-05 15:16:32.214820
No new trading pairs or exchanges found.
Sleeping another 20 seconds : 2025-06-05 15:16:54.128163
No new trading pairs or exchanges found.
Sleeping another 20 seconds : 2025-06-05 15:17:15.708037
No new trading pairs or exchanges found.
Sleeping another 20 seconds : 2025-06-05 15:17:37.238080
No new trading pairs or exchanges found.
Sleeping another 20 seconds : 2025-06-05 15:17:59.494085
No new trading pairs or exchanges found.
Sleeping another 20 seconds : 2025-06-05 15:18:21.046642
No new trading pairs or exchanges found.
Sleeping another 20 seconds : 2025-06-05 15:18:42.862875
No new trading pairs or exchanges found.
Sleeping another 20 seconds : 2025-06-05 15:19:05.105058
No new trading pairs or exchanges found.
Sleeping another 20 seconds : 2025-06-05 15:19:26.599507
No new trading pairs or exchanges found.
Sleeping another 20 seconds : 2025-06-05 15:19:48.186600
No new trading pairs or exchanges found.
Sleeping another 20 seconds : 2025-06-05 15:20:10.479963
No new trading pairs or exchanges found.
Sleeping another 20 seconds : 2025-06-05 15:20:31.991369
No new trading pairs or exchanges found.
Sleeping another 20 seconds : 2025-06-05 15:20:53.620957
No new trading pairs or exchanges found.
Sleeping another 20 seconds : 2025-06-05 15:21:15.290748
No new trading pairs or exchanges found.
Sleeping another 20 seconds : 2025-06-05 15:21:37.076622
No new trading pairs or exchanges found.
Sleeping another 20 seconds : 2025-06-05 15:21:58.646515
No new trading pairs or exchanges found.
Sleeping another 20 seconds : 2025-06-05 15:22:20.643457
No new trading pairs or exchanges found.
Sleeping another 20 seconds : 2025-06-05 15:22:42.814733
No new trading pairs or exchanges found.
Sleeping another 20 seconds : 2025-06-05 15:23:04.551431
No new trading pairs or exchanges found.
Sleeping another 20 seconds : 2025-06-05 15:23:26.443231
No new trading pairs or exchanges found.
Sleeping another 20 seconds : 2025-06-05 15:23:48.166988
No new trading pairs or exchanges found.
Sleeping another 20 seconds : 2025-06-05 15:24:09.841921
No new trading pairs or exchanges found.
Sleeping another 20 seconds : 2025-06-05 15:24:31.359968
No new trading pairs or exchanges found.
Sleeping another 20 seconds : 2025-06-05 15:24:53.728039
No new trading pairs or exchanges found.
Sleeping another 20 seconds : 2025-06-05 15:25:15.558015
No new trading pairs or exchanges found.
Sleeping another 20 seconds : 2025-06-05 15:25:37.220576
No new trading pairs or exchanges found.
Sleeping another 20 seconds : 2025-06-05 15:25:59.140389
No new trading pairs or exchanges found.
Sleeping another 20 seconds : 2025-06-05 15:26:21.296014
No new trading pairs or exchanges found.
Sleeping another 20 seconds : 2025-06-05 15:26:41.994271
No new trading pairs or exchanges found.
Sleeping another 20 seconds : 2025-06-05 15:27:03.896149
No new trading pairs or exchanges found.
Sleeping another 20 seconds : 2025-06-05 15:27:25.571629
No new trading pairs or exchanges found.
Sleeping another 20 seconds : 2025-06-05 15:27:47.111238
No new trading pairs or exchanges found.
Sleeping another 20 seconds : 2025-06-05 15:28:08.974266
No new trading pairs or exchanges found.
Sleeping another 20 seconds : 2025-06-05 15:28:30.466689
No new trading pairs or exchanges found.
Sleeping another 20 seconds : 2025-06-05 15:28:52.123569
No new trading pairs or exchanges found.
Sleeping another 20 seconds : 2025-06-05 15:29:14.132433
No new trading pairs or exchanges found.
Sleeping another 20 seconds : 2025-06-05 15:29:35.733928
No new trading pairs or exchanges found.
Sleeping another 20 seconds : 2025-06-05 15:29:57.571730
No new trading pairs or exchanges found.
Sleeping another 20 seconds : 2025-06-05 15:30:19.160580
No new trading pairs or exchanges found.
Sleeping another 20 seconds : 2025-06-05 15:30:40.874855
No new trading pairs or exchanges found.
Sleeping another 20 seconds : 2025-06-05 15:31:02.534262
No new trading pairs or exchanges found.
Sleeping another 20 seconds : 2025-06-05 15:31:24.542495
No new trading pairs or exchanges found.
Sleeping another 20 seconds : 2025-06-05 15:31:46.429065
No new trading pairs or exchanges found.
Sleeping another 20 seconds : 2025-06-05 15:32:08.156573
No new trading pairs or exchanges found.
Sleeping another 20 seconds : 2025-06-05 15:32:30.059473
No new trading pairs or exchanges found.
Sleeping another 20 seconds : 2025-06-05 15:32:51.728913
No new trading pairs or exchanges found.
Sleeping another 20 seconds : 2025-06-05 15:33:13.440120
No new trading pairs or exchanges found.
Sleeping another 20 seconds : 2025-06-05 15:33:35.652568
No new trading pairs or exchanges found.
Sleeping another 20 seconds : 2025-06-05 15:33:57.108211
New ticker detected for pair 'bybit': LA
🆕 Detected: ('bybit', 'LA') — launching monitor task.
Sleeping another 20 seconds : 2025-06-05 15:34:18.808832
✅ Orderbook found for LA/bybit!
An error occurred while fetching from binance: binance does not have market symbol LAUSDT
('bybit', 1.3943)
('kucoin', 1.43407)
disparity : 1.0285232733271175
✅ Arbitrage opportunity detected!
An error occurred while fetching from ['kucoin', 'bybit']: unhashable type: 'list'
Failed to retrieve orderbook.
No new trading pairs or exchanges found.
Sleeping another 20 seconds : 2025-06-05 15:34:40.740578
No new trading pairs or exchanges found.
Sleeping another 20 seconds : 2025-06-05 15:35:02.601878
No new trading pairs or exchanges found.
Sleeping another 20 seconds : 2025-06-05 15:35:24.127413
No new trading pairs or exchanges found.
Sleeping another 20 seconds : 2025-06-05 15:35:46.005480
Error fetching data from bybit: Response ended prematurely
No new trading pairs or exchanges found.
Sleeping another 20 seconds : 2025-06-05 15:36:37.228699
No new trading pairs or exchanges found.
Sleeping another 20 seconds : 2025-06-05 15:36:59.258458
No new trading pairs or exchanges found.
Sleeping another 20 seconds : 2025-06-05 15:37:21.221990
No new trading pairs or exchanges found.
Sleeping another 20 seconds : 2025-06-05 15:37:42.691937
No new trading pairs or exchanges found.
Sleeping another 20 seconds : 2025-06-05 15:38:04.701721
No new trading pairs or exchanges found.
Sleeping another 20 seconds : 2025-06-05 15:38:26.236548
No new trading pairs or exchanges found.
Sleeping another 20 seconds : 2025-06-05 15:38:48.235882
No new trading pairs or exchanges found.
Sleeping another 20 seconds : 2025-06-05 15:39:10.303192
No new trading pairs or exchanges found.
Sleeping another 20 seconds : 2025-06-05 15:39:31.814424
No new trading pairs or exchanges found.
Sleeping another 20 seconds : 2025-06-05 15:39:53.468075
No new trading pairs or exchanges found.
Sleeping another 20 seconds : 2025-06-05 15:40:15.780925
No new trading pairs or exchanges found.
Sleeping another 20 seconds : 2025-06-05 15:40:37.277913
No new trading pairs or exchanges found.
Sleeping another 20 seconds : 2025-06-05 15:40:58.771781
No new trading pairs or exchanges found.
Sleeping another 20 seconds : 2025-06-05 15:41:21.036525
No new trading pairs or exchanges found.
Sleeping another 20 seconds : 2025-06-05 15:41:42.526707
No new trading pairs or exchanges found.
Sleeping another 20 seconds : 2025-06-05 15:42:04.638441
No new trading pairs or exchanges found.
Sleeping another 20 seconds : 2025-06-05 15:42:57.229171
No new trading pairs or exchanges found.
Sleeping another 20 seconds : 2025-06-05 15:43:18.860631
No new trading pairs or exchanges found.
Sleeping another 20 seconds : 2025-06-05 15:43:41.019440
No new trading pairs or exchanges found.
Sleeping another 20 seconds : 2025-06-05 15:44:02.632540
No new trading pairs or exchanges found.
Sleeping another 20 seconds : 2025-06-05 15:44:24.126571
No new trading pairs or exchanges found.
Sleeping another 20 seconds : 2025-06-05 15:44:46.550968
No new trading pairs or exchanges found.
Sleeping another 20 seconds : 2025-06-05 15:45:08.244093
No new trading pairs or exchanges found.
Sleeping another 20 seconds : 2025-06-05 15:45:29.724782
No new trading pairs or exchanges found.
Sleeping another 20 seconds : 2025-06-05 15:45:51.675878
No new trading pairs or exchanges found.
Sleeping another 20 seconds : 2025-06-05 15:46:13.322434
No new trading pairs or exchanges found.
Sleeping another 20 seconds : 2025-06-05 15:46:34.924320
No new trading pairs or exchanges found.
Sleeping another 20 seconds : 2025-06-05 15:46:57.222554
No new trading pairs or exchanges found.
Sleeping another 20 seconds : 2025-06-05 15:47:18.882697
No new trading pairs or exchanges found.
Sleeping another 20 seconds : 2025-06-05 15:47:40.455914
No new trading pairs or exchanges found.
Sleeping another 20 seconds : 2025-06-05 15:48:02.600533
No new trading pairs or exchanges found.
Sleeping another 20 seconds : 2025-06-05 15:48:24.139599
No new trading pairs or exchanges found.
Sleeping another 20 seconds : 2025-06-05 15:48:45.710715
No new trading pairs or exchanges found.
Sleeping another 20 seconds : 2025-06-05 15:49:08.249145
No new trading pairs or exchanges found.
Sleeping another 20 seconds : 2025-06-05 15:49:30.024017
No new trading pairs or exchanges found.
Sleeping another 20 seconds : 2025-06-05 15:49:51.524830
No new trading pairs or exchanges found.
Sleeping another 20 seconds : 2025-06-05 15:50:13.634366
No new trading pairs or exchanges found.
Sleeping another 20 seconds : 2025-06-05 15:50:35.329037
No new trading pairs or exchanges found.
Sleeping another 20 seconds : 2025-06-05 15:50:56.899304
No new trading pairs or exchanges found.
Sleeping another 20 seconds : 2025-06-05 15:51:19.437377
No new trading pairs or exchanges found.
Sleeping another 20 seconds : 2025-06-05 15:51:41.117828
No new trading pairs or exchanges found.
Sleeping another 20 seconds : 2025-06-05 15:52:02.877680
No new trading pairs or exchanges found.
Sleeping another 20 seconds : 2025-06-05 15:52:24.718496
No new trading pairs or exchanges found.
Sleeping another 20 seconds : 2025-06-05 15:52:46.352944
No new trading pairs or exchanges found.
Sleeping another 20 seconds : 2025-06-05 15:53:08.370447
No new trading pairs or exchanges found.
Sleeping another 20 seconds : 2025-06-05 15:53:30.488157
No new trading pairs or exchanges found.
Sleeping another 20 seconds : 2025-06-05 15:53:52.073579
No new trading pairs or exchanges found.
Sleeping another 20 seconds : 2025-06-05 15:54:13.741461
No new trading pairs or exchanges found.
Sleeping another 20 seconds : 2025-06-05 15:54:35.621025
No new trading pairs or exchanges found.
Sleeping another 20 seconds : 2025-06-05 15:54:57.507093
No new trading pairs or exchanges found.
Sleeping another 20 seconds : 2025-06-05 15:55:19.182239
No new trading pairs or exchanges found.
Sleeping another 20 seconds : 2025-06-05 15:55:41.277858
Error fetching data from bybit: Response ended prematurely
No new trading pairs or exchanges found.
Sleeping another 20 seconds : 2025-06-05 15:56:43.104869
No new trading pairs or exchanges found.
Sleeping another 20 seconds : 2025-06-05 15:57:05.295098
No new trading pairs or exchanges found.
Sleeping another 20 seconds : 2025-06-05 15:57:26.724796
No new trading pairs or exchanges found.
Sleeping another 20 seconds : 2025-06-05 15:57:48.760084
No new trading pairs or exchanges found.
Sleeping another 20 seconds : 2025-06-05 15:58:10.700767
No new trading pairs or exchanges found.
Sleeping another 20 seconds : 2025-06-05 15:58:32.259456
No new trading pairs or exchanges found.
Sleeping another 20 seconds : 2025-06-05 15:58:53.080643
No new trading pairs or exchanges found.
Sleeping another 20 seconds : 2025-06-05 15:59:14.909629
No new trading pairs or exchanges found.
Sleeping another 20 seconds : 2025-06-05 15:59:36.355910
No new trading pairs or exchanges found.
Sleeping another 20 seconds : 2025-06-05 15:59:58.668735
No new trading pairs or exchanges found.
Sleeping another 20 seconds : 2025-06-05 16:00:20.679449
No new trading pairs or exchanges found.
Sleeping another 20 seconds : 2025-06-05 16:00:42.244167
No new trading pairs or exchanges found.
Sleeping another 20 seconds : 2025-06-05 16:01:03.963998
No new trading pairs or exchanges found.
Sleeping another 20 seconds : 2025-06-05 16:01:25.543225
No new trading pairs or exchanges found.
Sleeping another 20 seconds : 2025-06-05 16:01:47.158952
No new trading pairs or exchanges found.
Sleeping another 20 seconds : 2025-06-05 16:02:09.405126
No new trading pairs or exchanges found.
Sleeping another 20 seconds : 2025-06-05 16:02:31.060461
No new trading pairs or exchanges found.
Sleeping another 20 seconds : 2025-06-05 16:02:52.724975
No new trading pairs or exchanges found.
Sleeping another 20 seconds : 2025-06-05 16:03:14.351956
No new trading pairs or exchanges found.
Sleeping another 20 seconds : 2025-06-05 16:03:36.459894
No new trading pairs or exchanges found.
Sleeping another 20 seconds : 2025-06-05 16:03:58.395738
No new trading pairs or exchanges found.
Sleeping another 20 seconds : 2025-06-05 16:04:20.336068
No new trading pairs or exchanges found.
Sleeping another 20 seconds : 2025-06-05 16:04:42.126009
No new trading pairs or exchanges found.
Sleeping another 20 seconds : 2025-06-05 16:05:04.182740
No new trading pairs or exchanges found.
Sleeping another 20 seconds : 2025-06-05 16:05:25.707419
No new trading pairs or exchanges found.
Sleeping another 20 seconds : 2025-06-05 16:05:47.221921
Error fetching data from bybit: Response ended prematurely
No new trading pairs or exchanges found.
Sleeping another 20 seconds : 2025-06-05 16:07:04.549547
No new trading pairs or exchanges found.
Sleeping another 20 seconds : 2025-06-05 16:07:26.723627
No new trading pairs or exchanges found.
Sleeping another 20 seconds : 2025-06-05 16:07:48.242072
No new trading pairs or exchanges found.
Sleeping another 20 seconds : 2025-06-05 16:08:09.917052
No new trading pairs or exchanges found.
Sleeping another 20 seconds : 2025-06-05 16:08:31.994776
No new trading pairs or exchanges found.
Sleeping another 20 seconds : 2025-06-05 16:08:53.486909
No new trading pairs or exchanges found.
Sleeping another 20 seconds : 2025-06-05 16:09:15.120041
No new trading pairs or exchanges found.
Sleeping another 20 seconds : 2025-06-05 16:09:37.546640
No new trading pairs or exchanges found.
Sleeping another 20 seconds : 2025-06-05 16:09:59.079911
No new trading pairs or exchanges found.
Sleeping another 20 seconds : 2025-06-05 16:10:21.187638
No new trading pairs or exchanges found.
Sleeping another 20 seconds : 2025-06-05 16:10:42.804730
No new trading pairs or exchanges found.
Sleeping another 20 seconds : 2025-06-05 16:11:04.496526
No new trading pairs or exchanges found.
Sleeping another 20 seconds : 2025-06-05 16:11:26.336801
No new trading pairs or exchanges found.
Sleeping another 20 seconds : 2025-06-05 16:11:48.284044
No new trading pairs or exchanges found.
Sleeping another 20 seconds : 2025-06-05 16:13:10.223340
No new trading pairs or exchanges found.
Sleeping another 20 seconds : 2025-06-05 16:13:32.490963
No new trading pairs or exchanges found.
Sleeping another 20 seconds : 2025-06-05 16:13:54.639077
No new trading pairs or exchanges found.
Sleeping another 20 seconds : 2025-06-05 16:14:16.432485
No new trading pairs or exchanges found.
Sleeping another 20 seconds : 2025-06-05 16:14:38.917710
No new trading pairs or exchanges found.
Sleeping another 20 seconds : 2025-06-05 16:15:01.153421
No new trading pairs or exchanges found.
Sleeping another 20 seconds : 2025-06-05 16:15:22.901349
No new trading pairs or exchanges found.
Sleeping another 20 seconds : 2025-06-05 16:15:44.858179
No new trading pairs or exchanges found.
Sleeping another 20 seconds : 2025-06-05 16:16:07.206628
No new trading pairs or exchanges found.
Sleeping another 20 seconds : 2025-06-05 16:16:28.917998
No new trading pairs or exchanges found.
Sleeping another 20 seconds : 2025-06-05 16:16:50.737287
No new trading pairs or exchanges found.
Sleeping another 20 seconds : 2025-06-05 16:17:12.651319
No new trading pairs or exchanges found.
Sleeping another 20 seconds : 2025-06-05 16:17:34.467907
No new trading pairs or exchanges found.
Sleeping another 20 seconds : 2025-06-05 16:17:56.800573
No new trading pairs or exchanges found.
Sleeping another 20 seconds : 2025-06-05 16:18:18.949001
No new trading pairs or exchanges found.
Sleeping another 20 seconds : 2025-06-05 16:18:40.609110
No new trading pairs or exchanges found.
Sleeping another 20 seconds : 2025-06-05 16:19:02.933115
No new trading pairs or exchanges found.
Sleeping another 20 seconds : 2025-06-05 16:19:24.791582
No new trading pairs or exchanges found.
Sleeping another 20 seconds : 2025-06-05 16:19:46.540296
No new trading pairs or exchanges found.
Sleeping another 20 seconds : 2025-06-05 16:20:08.832347
No new trading pairs or exchanges found.
Sleeping another 20 seconds : 2025-06-05 16:20:29.792829
No new trading pairs or exchanges found.
Sleeping another 20 seconds : 2025-06-05 16:20:51.528477
Error fetching data from bybit: Response ended prematurely
No new trading pairs or exchanges found.
Sleeping another 20 seconds : 2025-06-05 16:22:01.773033
No new trading pairs or exchanges found.
Sleeping another 20 seconds : 2025-06-05 16:22:24.119501
No new trading pairs or exchanges found.
Sleeping another 20 seconds : 2025-06-05 16:22:46.140868
No new trading pairs or exchanges found.
Sleeping another 20 seconds : 2025-06-05 16:23:07.972036
No new trading pairs or exchanges found.
Sleeping another 20 seconds : 2025-06-05 16:23:30.331362
No new trading pairs or exchanges found.
Sleeping another 20 seconds : 2025-06-05 16:23:52.021621
No new trading pairs or exchanges found.
Sleeping another 20 seconds : 2025-06-05 16:24:14.069420
No new trading pairs or exchanges found.
Sleeping another 20 seconds : 2025-06-05 16:24:36.013994
No new trading pairs or exchanges found.
Sleeping another 20 seconds : 2025-06-05 16:24:58.221556
No new trading pairs or exchanges found.
Sleeping another 20 seconds : 2025-06-05 16:25:20.072732
No new trading pairs or exchanges found.
Sleeping another 20 seconds : 2025-06-05 16:25:42.263556
No new trading pairs or exchanges found.
Sleeping another 20 seconds : 2025-06-05 16:26:04.014774
No new trading pairs or exchanges found.
Sleeping another 20 seconds : 2025-06-05 16:26:25.780782
No new trading pairs or exchanges found.
Sleeping another 20 seconds : 2025-06-05 16:26:48.092057
No new trading pairs or exchanges found.
Sleeping another 20 seconds : 2025-06-05 16:27:10.203796
No new trading pairs or exchanges found.
Sleeping another 20 seconds : 2025-06-05 16:27:31.936093
No new trading pairs or exchanges found.
Sleeping another 20 seconds : 2025-06-05 16:27:54.190508
No new trading pairs or exchanges found.
Sleeping another 20 seconds : 2025-06-05 16:28:16.027329
No new trading pairs or exchanges found.
Sleeping another 20 seconds : 2025-06-05 16:28:37.734981
No new trading pairs or exchanges found.
Sleeping another 20 seconds : 2025-06-05 16:29:00.029998
No new trading pairs or exchanges found.
Sleeping another 20 seconds : 2025-06-05 16:29:22.261663
No new trading pairs or exchanges found.
Sleeping another 20 seconds : 2025-06-05 16:29:44.072081
No new trading pairs or exchanges found.
Sleeping another 20 seconds : 2025-06-05 16:30:06.503405
No new trading pairs or exchanges found.
Sleeping another 20 seconds : 2025-06-05 16:30:28.252365
No new trading pairs or exchanges found.
Sleeping another 20 seconds : 2025-06-05 16:30:50.008488
No new trading pairs or exchanges found.
Sleeping another 20 seconds : 2025-06-05 16:31:12.273448
No new trading pairs or exchanges found.
Sleeping another 20 seconds : 2025-06-05 16:31:34.102917
No new trading pairs or exchanges found.
Sleeping another 20 seconds : 2025-06-05 16:31:55.788250
No new trading pairs or exchanges found.
Sleeping another 20 seconds : 2025-06-05 16:32:18.255421
No new trading pairs or exchanges found.
Sleeping another 20 seconds : 2025-06-05 16:32:39.974953
No new trading pairs or exchanges found.
Sleeping another 20 seconds : 2025-06-05 16:33:01.880959
No new trading pairs or exchanges found.
Sleeping another 20 seconds : 2025-06-05 16:33:24.625588
No new trading pairs or exchanges found.
Sleeping another 20 seconds : 2025-06-05 16:33:46.445060
No new trading pairs or exchanges found.
Sleeping another 20 seconds : 2025-06-05 16:34:08.287664
No new trading pairs or exchanges found.
Sleeping another 20 seconds : 2025-06-05 16:34:30.637252
No new trading pairs or exchanges found.
Sleeping another 20 seconds : 2025-06-05 16:34:51.945087
No new trading pairs or exchanges found.
Sleeping another 20 seconds : 2025-06-05 16:35:13.872657
No new trading pairs or exchanges found.
Sleeping another 20 seconds : 2025-06-05 16:35:35.949418
No new trading pairs or exchanges found.
Sleeping another 20 seconds : 2025-06-05 16:35:58.018388
No new trading pairs or exchanges found.
Sleeping another 20 seconds : 2025-06-05 16:36:20.403011
No new trading pairs or exchanges found.
Sleeping another 20 seconds : 2025-06-05 16:36:42.345893
No new trading pairs or exchanges found.
Sleeping another 20 seconds : 2025-06-05 16:37:04.338418
No new trading pairs or exchanges found.
Sleeping another 20 seconds : 2025-06-05 16:37:26.096080
No new trading pairs or exchanges found.
Sleeping another 20 seconds : 2025-06-05 16:37:48.316084
No new trading pairs or exchanges found.
Sleeping another 20 seconds : 2025-06-05 16:38:10.668457
No new trading pairs or exchanges found.
Sleeping another 20 seconds : 2025-06-05 16:38:32.467657
No new trading pairs or exchanges found.
Sleeping another 20 seconds : 2025-06-05 16:38:54.377642
No new trading pairs or exchanges found.
Sleeping another 20 seconds : 2025-06-05 16:39:16.377034
No new trading pairs or exchanges found.
Sleeping another 20 seconds : 2025-06-05 16:39:38.242978
No new trading pairs or exchanges found.
Sleeping another 20 seconds : 2025-06-05 16:40:00.728778
No new trading pairs or exchanges found.
Sleeping another 20 seconds : 2025-06-05 16:40:22.820061
No new trading pairs or exchanges found.
Sleeping another 20 seconds : 2025-06-05 16:40:44.637791
No new trading pairs or exchanges found.
Sleeping another 20 seconds : 2025-06-05 16:41:06.784580
No new trading pairs or exchanges found.
Sleeping another 20 seconds : 2025-06-05 16:41:28.567536
No new trading pairs or exchanges found.
Sleeping another 20 seconds : 2025-06-05 16:41:50.386141
Error fetching data from bybit: Response ended prematurely
No new trading pairs or exchanges found.
Sleeping another 20 seconds : 2025-06-05 16:43:36.552840
No new trading pairs or exchanges found.
Sleeping another 20 seconds : 2025-06-05 16:43:59.121952
No new trading pairs or exchanges found.
Sleeping another 20 seconds : 2025-06-05 16:44:21.119737
No new trading pairs or exchanges found.
Sleeping another 20 seconds : 2025-06-05 16:44:42.799185
No new trading pairs or exchanges found.
Sleeping another 20 seconds : 2025-06-05 16:45:04.843364
No new trading pairs or exchanges found.
Sleeping another 20 seconds : 2025-06-05 16:45:27.249163
No new trading pairs or exchanges found.
Sleeping another 20 seconds : 2025-06-05 16:45:48.975720
No new trading pairs or exchanges found.
Sleeping another 20 seconds : 2025-06-05 16:46:11.150958
No new trading pairs or exchanges found.
Sleeping another 20 seconds : 2025-06-05 16:46:32.271044
No new trading pairs or exchanges found.
Sleeping another 20 seconds : 2025-06-05 16:46:54.027923
No new trading pairs or exchanges found.
Sleeping another 20 seconds : 2025-06-05 16:47:16.089333
No new trading pairs or exchanges found.
Sleeping another 20 seconds : 2025-06-05 16:47:37.956169
No new trading pairs or exchanges found.
Sleeping another 20 seconds : 2025-06-05 16:47:59.939471
No new trading pairs or exchanges found.
Sleeping another 20 seconds : 2025-06-05 16:48:22.203054
No new trading pairs or exchanges found.
Sleeping another 20 seconds : 2025-06-05 16:48:43.926388
No new trading pairs or exchanges found.
Sleeping another 20 seconds : 2025-06-05 16:49:05.117110
No new trading pairs or exchanges found.
Sleeping another 20 seconds : 2025-06-05 16:49:26.984732
No new trading pairs or exchanges found.
Sleeping another 20 seconds : 2025-06-05 16:49:48.712200
No new trading pairs or exchanges found.
Sleeping another 20 seconds : 2025-06-05 16:50:11.095520
No new trading pairs or exchanges found.
Sleeping another 20 seconds : 2025-06-05 16:50:32.984666
No new trading pairs or exchanges found.
Sleeping another 20 seconds : 2025-06-05 16:50:54.746907
No new trading pairs or exchanges found.
Sleeping another 20 seconds : 2025-06-05 16:51:17.131040
No new trading pairs or exchanges found.
Sleeping another 20 seconds : 2025-06-05 16:51:38.939105
No new trading pairs or exchanges found.
Sleeping another 20 seconds : 2025-06-05 16:52:00.727536
Error fetching data from bybit: Response ended prematurely
No new trading pairs or exchanges found.
Sleeping another 20 seconds : 2025-06-05 16:53:20.252987
No new trading pairs or exchanges found.
Sleeping another 20 seconds : 2025-06-05 16:53:42.741140
Error fetching data from bybit: Response ended prematurely
No new trading pairs or exchanges found.
Sleeping another 20 seconds : 2025-06-05 16:54:41.881074
No new trading pairs or exchanges found.
Sleeping another 20 seconds : 2025-06-05 16:55:04.211220
No new trading pairs or exchanges found.
Sleeping another 20 seconds : 2025-06-05 16:55:26.207549
No new trading pairs or exchanges found.
Sleeping another 20 seconds : 2025-06-05 16:55:48.435018
No new trading pairs or exchanges found.
Sleeping another 20 seconds : 2025-06-05 16:56:10.508602
No new trading pairs or exchanges found.
Sleeping another 20 seconds : 2025-06-05 16:56:32.220729
No new trading pairs or exchanges found.
Sleeping another 20 seconds : 2025-06-05 16:56:53.928214
No new trading pairs or exchanges found.
Sleeping another 20 seconds : 2025-06-05 16:57:15.834478
No new trading pairs or exchanges found.
Sleeping another 20 seconds : 2025-06-05 16:57:38.043451
No new trading pairs or exchanges found.
Sleeping another 20 seconds : 2025-06-05 16:58:00.265512
No new trading pairs or exchanges found.
Sleeping another 20 seconds : 2025-06-05 16:58:22.074680
No new trading pairs or exchanges found.
Sleeping another 20 seconds : 2025-06-05 16:58:44.235250
No new trading pairs or exchanges found.
Sleeping another 20 seconds : 2025-06-05 16:59:06.078672
No new trading pairs or exchanges found.
Sleeping another 20 seconds : 2025-06-05 16:59:27.909986
Error fetching data from bybit: Response ended prematurely
No new trading pairs or exchanges found.
Sleeping another 20 seconds : 2025-06-05 17:00:39.065111
No new trading pairs or exchanges found.
Sleeping another 20 seconds : 2025-06-05 17:01:01.782970
No new trading pairs or exchanges found.
Sleeping another 20 seconds : 2025-06-05 17:01:23.430189
No new trading pairs or exchanges found.
Sleeping another 20 seconds : 2025-06-05 17:01:45.302755
No new trading pairs or exchanges found.
Sleeping another 20 seconds : 2025-06-05 17:02:07.375493
No new trading pairs or exchanges found.
Sleeping another 20 seconds : 2025-06-05 17:02:29.127175
No new trading pairs or exchanges found.
Sleeping another 20 seconds : 2025-06-05 17:02:50.794241
No new trading pairs or exchanges found.
Sleeping another 20 seconds : 2025-06-05 17:03:13.040092
No new trading pairs or exchanges found.
Sleeping another 20 seconds : 2025-06-05 17:03:34.800539
No new trading pairs or exchanges found.
Sleeping another 20 seconds : 2025-06-05 17:03:56.809380
No new trading pairs or exchanges found.
Sleeping another 20 seconds : 2025-06-05 17:04:17.664389
No new trading pairs or exchanges found.
Sleeping another 20 seconds : 2025-06-05 17:04:38.242029
No new trading pairs or exchanges found.
Sleeping another 20 seconds : 2025-06-05 17:05:00.413665
No new trading pairs or exchanges found.
Sleeping another 20 seconds : 2025-06-05 17:05:22.725777
No new trading pairs or exchanges found.
Sleeping another 20 seconds : 2025-06-05 17:05:44.437099
No new trading pairs or exchanges found.
Sleeping another 20 seconds : 2025-06-05 17:06:06.744410
No new trading pairs or exchanges found.
Sleeping another 20 seconds : 2025-06-05 17:06:28.775164
No new trading pairs or exchanges found.
Sleeping another 20 seconds : 2025-06-05 17:06:50.599602
No new trading pairs or exchanges found.
Sleeping another 20 seconds : 2025-06-05 17:07:13.028356
No new trading pairs or exchanges found.
Sleeping another 20 seconds : 2025-06-05 17:07:35.105248
No new trading pairs or exchanges found.
Sleeping another 20 seconds : 2025-06-05 17:07:57.288528
No new trading pairs or exchanges found.
Sleeping another 20 seconds : 2025-06-05 17:08:19.604363
No new trading pairs or exchanges found.
Sleeping another 20 seconds : 2025-06-05 17:08:41.398054
No new trading pairs or exchanges found.
Sleeping another 20 seconds : 2025-06-05 17:09:03.265891
No new trading pairs or exchanges found.
Sleeping another 20 seconds : 2025-06-05 17:09:25.193091
No new trading pairs or exchanges found.
Sleeping another 20 seconds : 2025-06-05 17:09:47.936294
No new trading pairs or exchanges found.
Sleeping another 20 seconds : 2025-06-05 17:10:09.775490
No new trading pairs or exchanges found.
Sleeping another 20 seconds : 2025-06-05 17:10:32.066326
No new trading pairs or exchanges found.
Sleeping another 20 seconds : 2025-06-05 17:10:53.863145
No new trading pairs or exchanges found.
Sleeping another 20 seconds : 2025-06-05 17:11:15.703970
No new trading pairs or exchanges found.
Sleeping another 20 seconds : 2025-06-05 17:11:37.784298
No new trading pairs or exchanges found.
Sleeping another 20 seconds : 2025-06-05 17:11:59.875309
No new trading pairs or exchanges found.
Sleeping another 20 seconds : 2025-06-05 17:12:21.725276
No new trading pairs or exchanges found.
Sleeping another 20 seconds : 2025-06-05 17:12:43.743516
No new trading pairs or exchanges found.
Sleeping another 20 seconds : 2025-06-05 17:13:05.983087
No new trading pairs or exchanges found.
Sleeping another 20 seconds : 2025-06-05 17:13:27.843400
No new trading pairs or exchanges found.
Sleeping another 20 seconds : 2025-06-05 17:13:49.749406
No new trading pairs or exchanges found.
Sleeping another 20 seconds : 2025-06-05 17:14:12.070896
No new trading pairs or exchanges found.
Sleeping another 20 seconds : 2025-06-05 17:14:34.033802
No new trading pairs or exchanges found.
Sleeping another 20 seconds : 2025-06-05 17:14:55.780643
No new trading pairs or exchanges found.
Sleeping another 20 seconds : 2025-06-05 17:15:17.676250
No new trading pairs or exchanges found.
Sleeping another 20 seconds : 2025-06-05 17:15:39.696815
No new trading pairs or exchanges found.
Sleeping another 20 seconds : 2025-06-05 17:16:01.772210
No new trading pairs or exchanges found.
Sleeping another 20 seconds : 2025-06-05 17:16:23.838481
No new trading pairs or exchanges found.
Sleeping another 20 seconds : 2025-06-05 17:16:45.918280
No new trading pairs or exchanges found.
Sleeping another 20 seconds : 2025-06-05 17:17:07.855888
No new trading pairs or exchanges found.
Sleeping another 20 seconds : 2025-06-05 17:17:29.742308
No new trading pairs or exchanges found.
Sleeping another 20 seconds : 2025-06-05 17:17:51.671173
No new trading pairs or exchanges found.
Sleeping another 20 seconds : 2025-06-05 17:18:13.495039
No new trading pairs or exchanges found.
Sleeping another 20 seconds : 2025-06-05 17:18:35.166674
No new trading pairs or exchanges found.
Sleeping another 20 seconds : 2025-06-05 17:18:57.026347
No new trading pairs or exchanges found.
Sleeping another 20 seconds : 2025-06-05 17:19:18.914725
